{"type":["init_ps"],"time":["2022-05-12 10:32:18"],"user":["Julia von Bredow"],"umph":[1652344338.1719],"ok":[true]}
,
{"type":["check_chunk"],"time":["2022-05-12 10:32:18"],"user":["Julia von Bredow"],"umph":[1652344338.4963],"ok":[true],"chunk":[1],"ex":[1],"e.ind":[0],"code":["2\n"],"message":[""]}
,
{"type":["check_chunk"],"time":["2022-05-12 10:32:18"],"user":["Julia von Bredow"],"umph":[1652344338.6354],"ok":[true],"chunk":[2],"ex":[1],"e.ind":[0],"code":["\"nein\"\n"],"message":[""]}
,
{"type":["check_chunk"],"time":["2022-05-12 10:32:25"],"user":["Julia von Bredow"],"umph":[1652344345.8022],"ok":[true],"chunk":[3],"ex":[1],"e.ind":[0],"code":["thp <- read_csv(\"./data/THP_clean.csv\") %>%\n  select(newid, uc, depressed_1y, treat, age_baseline, age_baseline_sq, kids_no, famstruct_baseline, grandmother_baseline, edu_mo, edu_fa, employed_mo_baseline, incomeindex, depindex_0, mspss_tot)\n\nskim(thp)\n"],"message":[""]}
,
{"type":["check_chunk"],"time":["2022-05-12 10:32:25"],"user":["Julia von Bredow"],"umph":[1652344345.9549],"ok":[false],"chunk":[4],"ex":[1],"e.ind":[1],"code":["thp_plots <- thp %>%\n  mutate(treat_factor = as.factor(ifelse(treat == 1 , \"Treatment\", \"Kontrolle\")),\n         depressed = as.factor(ifelse(depressed_1y == 0, \"keine Depressionen\", \"Depressionen\"))) %>%\n  filter( !is.na(depressed)) \n#plot_prop_depression <- ggplot(___, aes(x = ___, fill = ___)) +\n#  geom_bar(position = \"fill\") +\n#  labs(x = NULL, y = \"Anteil an Depressionen\", fill = NULL) +\n#  scale_fill_manual(values = c(\"darkblue\", \"darkred\"))\n\n#plot_prop_depression\n\n# enter your code here ...\n"],"message":["\nYou have not yet made an assignment to plot_prop_depression in chunk 1_d."]}
,
{"type":["check_ps"],"time":["2022-05-12 10:38:33"],"user":["Julia von Bredow"],"umph":[1652344713.5881],"ok":[true]}
,
{"type":["check_chunk"],"time":["2022-05-12 10:38:35"],"user":["Julia von Bredow"],"umph":[1652344715.8567],"ok":[false],"chunk":[4],"ex":[1],"e.ind":[1],"code":["thp_plots <- thp %>%\n  mutate(treat_factor = as.factor(ifelse(treat == 1 , \"Treatment\", \"Kontrolle\")),\n         depressed = as.factor(ifelse(depressed_1y == 0, \"keine Depressionen\", \"Depressionen\"))) %>%\n  filter( !is.na(depressed)) \n\nplot_prop_depression <- ggplot(thp_plots, aes(x = treat_factor, fill = depressed)) +\n  geom_bar(position = \"fill\") +\n  labs(x = NULL, y = \"Anteil an Depressionen\", fill = NULL) +\n  scale_fill_manual(values = c(\"darkblue\", \"darkred\"))\n\nplot_prop_depression\n\n# enter your code here ...\n"],"message":["\nYou have not made a correct assignment to plot_prop_depression in chunk 1_d."]}
,
{"type":["hint"],"time":["2022-05-12 10:38:47"],"user":["Julia von Bredow"],"umph":[1652344727.9413],"ok":[true],"chunk":[4],"ex":[1],"e.ind":[1]}
,
{"type":["check_ps"],"time":["2022-05-12 10:39:48"],"user":["Julia von Bredow"],"umph":[1652344788.3377],"ok":[true]}
,
{"type":["check_chunk"],"time":["2022-05-12 10:39:49"],"user":["Julia von Bredow"],"umph":[1652344789.7705],"ok":[true],"chunk":[4],"ex":[1],"e.ind":[0],"code":["thp_plots <- thp %>%\n  mutate(treat_factor = as.factor(ifelse(treat == 1 , \"Treatment\", \"Kontrolle\")),\n         depressed = as.factor(ifelse(depressed_1y == 0, \"keine Depressionen\", \"Depressionen\"))) %>%\n  filter( !is.na(depressed)) \n\nplot_prop_depression <- ggplot(thp_plots, aes(x = depressed, fill = treat_factor)) +\n  geom_bar(position = \"fill\") +\n  labs(x = NULL, y = \"Anteil an Depressionen\", fill = NULL) +\n  scale_fill_manual(values = c(\"darkblue\", \"darkred\"))\n\nplot_prop_depression\n\n# enter your code here ...\n"],"message":[""]}
,
{"type":["check_chunk"],"time":["2022-05-12 10:39:51"],"user":["Julia von Bredow"],"umph":[1652344791.0424],"ok":[false],"chunk":[5],"ex":[1],"e.ind":[1],"code":["\n# enter your code here ...\n"],"message":["\nYou have not yet entered all correct commands in chunk 1_e."]}
,
{"type":["check_ps"],"time":["2022-05-12 10:43:59"],"user":["Julia von Bredow"],"umph":[1652345039.5461],"ok":[true]}
,
{"type":["check_chunk"],"time":["2022-05-12 10:43:59"],"user":["Julia von Bredow"],"umph":[1652345039.6688],"ok":[true],"chunk":[5],"ex":[1],"e.ind":[0],"code":["\"ja\"\n"],"message":[""]}
,
{"type":["check_chunk"],"time":["2022-05-12 10:43:59"],"user":["Julia von Bredow"],"umph":[1652345039.8284],"ok":[true],"chunk":[6],"ex":[1],"e.ind":[0],"code":["\"unterschätzen\"\n"],"message":[""]}
,
{"type":["check_chunk"],"time":["2022-05-12 10:44:00"],"user":["Julia von Bredow"],"umph":[1652345040.79],"ok":[true],"chunk":[7],"ex":[1],"e.ind":[0],"code":["thp %>% \n  pivot_longer(cols = -treat, names_to = \"variable\", values_to = \"value\") %>%\n  group_nest(variable) %>%\n  mutate(t.test = map(data, ~tidy(t.test(value ~ treat, data = .x)))) %>%\n  unnest(t.test) %>%\n  mutate( Mean_Treatment = round(estimate2, 2),\n          Mean_Kontrolle = round(estimate1, 2),\n    Differenz = round(estimate, 4),\n          Signifikanz = round(p.value,4)) %>%\n  select(variable, Mean_Treatment, Mean_Kontrolle, Differenz, Signifikanz)"],"message":[""]}
,
{"type":["check_chunk"],"time":["2022-05-12 10:44:00"],"user":["Julia von Bredow"],"umph":[1652345040.9631],"ok":[false],"chunk":[8],"ex":[1],"e.ind":[1],"code":["\n# enter your code here ...\n"],"message":["\nYou have not yet entered all correct commands in chunk 1_g."]}
,
{"type":["check_ps"],"time":["2022-05-12 10:47:38"],"user":["Julia von Bredow"],"umph":[1652345258.4854],"ok":[true]}
,
{"type":["check_chunk"],"time":["2022-05-12 10:47:38"],"user":["Julia von Bredow"],"umph":[1652345258.6],"ok":[false],"chunk":[8],"ex":[1],"e.ind":[1],"code":["1\n"],"message":["\nYou have not yet entered all correct commands in chunk 1_g."]}
,
{"type":["check_ps"],"time":["2022-05-12 10:47:49"],"user":["Julia von Bredow"],"umph":[1652345269.2479],"ok":[true]}
,
{"type":["check_chunk"],"time":["2022-05-12 10:47:49"],"user":["Julia von Bredow"],"umph":[1652345269.3671],"ok":[false],"chunk":[8],"ex":[1],"e.ind":[1],"code":["2\n"],"message":["\nYou have not yet entered all correct commands in chunk 1_g."]}
,
{"type":["check_ps"],"time":["2022-05-12 10:48:00"],"user":["Julia von Bredow"],"umph":[1652345280.0673],"ok":[true]}
,
{"type":["check_chunk"],"time":["2022-05-12 10:48:00"],"user":["Julia von Bredow"],"umph":[1652345280.252],"ok":[true],"chunk":[8],"ex":[1],"e.ind":[0],"code":["3\n"],"message":[""]}
,
{"type":["check_chunk"],"time":["2022-05-12 10:48:00"],"user":["Julia von Bredow"],"umph":[1652345280.5792],"ok":[false],"chunk":[9],"ex":[1],"e.ind":[3],"code":["reg1 <- lm(depressed_1y ~ treat, data=thp)\nreg2 <- lm(depressed_1y ~ treat + depindex_0, data=thp)\n\n# enter your code here ...\n"],"message":["\nYou have not yet made an assignment to reg3 in chunk 1_h."]}
,
{"type":["check_ps"],"time":["2022-05-12 10:54:18"],"user":["Julia von Bredow"],"umph":[1652345658.1351],"ok":[true]}
,
{"type":["check_chunk"],"time":["2022-05-12 10:54:18"],"user":["Julia von Bredow"],"umph":[1652345658.4374],"ok":[false],"chunk":[9],"ex":[1],"e.ind":[3],"code":["reg1 <- lm(depressed_1y ~ treat, data=thp)\nreg2 <- lm(depressed_1y ~ treat + depindex_0, data=thp)\nreg3 <- lm(depressed_1y ~ age_baseline + age_baseline_sq + kids_no + famstruct_baseline + grandmother_baseline + edu_mo + edu_fa + employed_mo_baseline + mo_emp + incomeindex + mspss_tot, data = thp)\n"],"message":["\nYou have not made a correct assignment to reg3 in chunk 1_h."]}
,
{"type":["check_ps"],"time":["2022-05-12 10:55:43"],"user":["Julia von Bredow"],"umph":[1652345743.5279],"ok":[true]}
,
{"type":["check_chunk"],"time":["2022-05-12 10:55:43"],"user":["Julia von Bredow"],"umph":[1652345743.9243],"ok":[false],"chunk":[9],"ex":[1],"e.ind":[3],"code":["reg1 <- lm(depressed_1y ~ treat, data=thp)\nreg2 <- lm(depressed_1y ~ treat + depindex_0, data=thp)\nreg3 <- lm(depressed_1y ~ age_baseline + age_baseline_sq + kids_no + famstruct_baseline + grandmother_baseline + edu_mo + edu_fa + employed_mo_baseline + incomeindex + mspss_tot, data = thp)\n"],"message":["\nYou have not made a correct assignment to reg3 in chunk 1_h."]}
,
{"type":["hint"],"time":["2022-05-12 10:56:00"],"user":["Julia von Bredow"],"umph":[1652345760.2428],"ok":[true],"chunk":[9],"ex":[1],"e.ind":[3]}
,
{"type":["check_ps"],"time":["2022-05-12 10:56:36"],"user":["Julia von Bredow"],"umph":[1652345796.6493],"ok":[true]}
,
{"type":["check_chunk"],"time":["2022-05-12 10:56:36"],"user":["Julia von Bredow"],"umph":[1652345796.9197],"ok":[false],"chunk":[9],"ex":[1],"e.ind":[3],"code":["reg1 <- lm(depressed_1y ~ treat, data=thp)\nreg2 <- lm(depressed_1y ~ treat + depindex_0, data=thp)\nreg3 <- lm(depressed_1y ~ treat + depindex + age_baseline + age_baseline_sq + kids_no + famstruct_baseline + grandmother_baseline + edu_mo + edu_fa + employed_mo_baseline + incomeindex + mspss_tot, data = thp)\n"],"message":["\nYou have not made a correct assignment to reg3 in chunk 1_h."]}
,
{"type":["hint"],"time":["2022-05-12 10:56:45"],"user":["Julia von Bredow"],"umph":[1652345805.6069],"ok":[true],"chunk":[9],"ex":[1],"e.ind":[3]}
,
{"type":["check_ps"],"time":["2022-05-12 10:57:32"],"user":["Julia von Bredow"],"umph":[1652345852.769],"ok":[true]}
,
{"type":["check_chunk"],"time":["2022-05-12 10:57:33"],"user":["Julia von Bredow"],"umph":[1652345853.0409],"ok":[false],"chunk":[9],"ex":[1],"e.ind":[3],"code":["reg1 <- lm(depressed_1y ~ treat, data=thp)\nreg2 <- lm(depressed_1y ~ treat + depindex_0, data=thp)\nreg3 <- lm(formula = depressed_1y ~ treat + depindex + age_baseline + age_baseline_sq + kids_no + famstruct_baseline + grandmother_baseline + edu_mo + edu_fa + employed_mo_baseline + incomeindex + mspss_tot, data = thp)\n"],"message":["\nYou have not made a correct assignment to reg3 in chunk 1_h."]}
,
{"type":["hint"],"time":["2022-05-12 10:57:41"],"user":["Julia von Bredow"],"umph":[1652345861.5631],"ok":[true],"chunk":[9],"ex":[1],"e.ind":[3]}
,
{"type":["check_ps"],"time":["2022-05-12 10:59:18"],"user":["Julia von Bredow"],"umph":[1652345958.0745],"ok":[true]}
,
{"type":["check_chunk"],"time":["2022-05-12 10:59:18"],"user":["Julia von Bredow"],"umph":[1652345958.3477],"ok":[true],"chunk":[9],"ex":[1],"e.ind":[0],"code":["reg1 <- lm(depressed_1y ~ treat, data=thp)\nreg2 <- lm(depressed_1y ~ treat + depindex_0, data=thp)\nreg3 <- lm(formula = depressed_1y ~ treat + depindex_0 + age_baseline + age_baseline_sq + kids_no + famstruct_baseline + grandmother_baseline + edu_mo + edu_fa + employed_mo_baseline + incomeindex + mspss_tot, data = thp)\n"],"message":[""]}
,
{"type":["check_chunk"],"time":["2022-05-12 10:59:22"],"user":["Julia von Bredow"],"umph":[1652345962.1022],"ok":[true],"chunk":[10],"ex":[1],"e.ind":[0],"code":["stargazer( reg1, reg2, reg3 ,type = \"text\",  digits=2, omit.stat = c(\"f\",\"ser\"))"],"message":[""]}
,
{"type":["check_chunk"],"time":["2022-05-12 10:59:22"],"user":["Julia von Bredow"],"umph":[1652345962.1869],"ok":[false],"chunk":[11],"ex":[1],"e.ind":[1],"code":["\n# enter your code here ...\n"],"message":["\nYou have not yet entered all correct commands in chunk 1_i_2."]}
,
{"type":["init_ps"],"time":["2022-05-14 11:02:17"],"user":["Julia von Bredow"],"umph":[1652518937.9021],"ok":[true]}
,
{"type":["check_chunk"],"time":["2022-05-14 11:02:18"],"user":["Julia von Bredow"],"umph":[1652518938.1978],"ok":[true],"chunk":[1],"ex":[1],"e.ind":[0],"code":["2\n"],"message":[""]}
,
{"type":["check_chunk"],"time":["2022-05-14 11:02:18"],"user":["Julia von Bredow"],"umph":[1652518938.3101],"ok":[true],"chunk":[2],"ex":[1],"e.ind":[0],"code":["\"nein\"\n"],"message":[""]}
,
{"type":["check_chunk"],"time":["2022-05-14 11:02:24"],"user":["Julia von Bredow"],"umph":[1652518944.7899],"ok":[true],"chunk":[3],"ex":[1],"e.ind":[0],"code":["thp <- read_csv(\"./data/THP_clean.csv\") %>%\n  select(newid, uc, depressed_1y, treat, age_baseline, age_baseline_sq, kids_no, famstruct_baseline, grandmother_baseline, edu_mo, edu_fa, employed_mo_baseline, incomeindex, depindex_0, mspss_tot)\n\nskim(thp)\n"],"message":[""]}
,
{"type":["check_chunk"],"time":["2022-05-14 11:02:26"],"user":["Julia von Bredow"],"umph":[1652518946.0413],"ok":[true],"chunk":[4],"ex":[1],"e.ind":[0],"code":["thp_plots <- thp %>%\n  mutate(treat_factor = as.factor(ifelse(treat == 1 , \"Treatment\", \"Kontrolle\")),\n         depressed = as.factor(ifelse(depressed_1y == 0, \"keine Depressionen\", \"Depressionen\"))) %>%\n  filter( !is.na(depressed)) \n\nplot_prop_depression <- ggplot(thp_plots, aes(x = depressed, fill = treat_factor)) +\n  geom_bar(position = \"fill\") +\n  labs(x = NULL, y = \"Anteil an Depressionen\", fill = NULL) +\n  scale_fill_manual(values = c(\"darkblue\", \"darkred\"))\n\nplot_prop_depression\n\n# enter your code here ...\n"],"message":[""]}
,
{"type":["check_chunk"],"time":["2022-05-14 11:02:27"],"user":["Julia von Bredow"],"umph":[1652518947.1907],"ok":[true],"chunk":[5],"ex":[1],"e.ind":[0],"code":["\"ja\"\n"],"message":[""]}
,
{"type":["check_chunk"],"time":["2022-05-14 11:02:27"],"user":["Julia von Bredow"],"umph":[1652518947.3693],"ok":[true],"chunk":[6],"ex":[1],"e.ind":[0],"code":["\"unterschätzen\"\n"],"message":[""]}
,
{"type":["check_chunk"],"time":["2022-05-14 11:02:27"],"user":["Julia von Bredow"],"umph":[1652518947.9136],"ok":[true],"chunk":[7],"ex":[1],"e.ind":[0],"code":["thp %>% \n  pivot_longer(cols = -treat, names_to = \"variable\", values_to = \"value\") %>%\n  group_nest(variable) %>%\n  mutate(t.test = map(data, ~tidy(t.test(value ~ treat, data = .x)))) %>%\n  unnest(t.test) %>%\n  mutate( Mean_Treatment = round(estimate2, 2),\n          Mean_Kontrolle = round(estimate1, 2),\n    Differenz = round(estimate, 4),\n          Signifikanz = round(p.value,4)) %>%\n  select(variable, Mean_Treatment, Mean_Kontrolle, Differenz, Signifikanz)"],"message":[""]}
,
{"type":["check_chunk"],"time":["2022-05-14 11:02:27"],"user":["Julia von Bredow"],"umph":[1652518947.9889],"ok":[true],"chunk":[8],"ex":[1],"e.ind":[0],"code":["3\n"],"message":[""]}
,
{"type":["check_chunk"],"time":["2022-05-14 11:02:28"],"user":["Julia von Bredow"],"umph":[1652518948.2706],"ok":[true],"chunk":[9],"ex":[1],"e.ind":[0],"code":["reg1 <- lm(depressed_1y ~ treat, data=thp)\nreg2 <- lm(depressed_1y ~ treat + depindex_0, data=thp)\nreg3 <- lm(formula = depressed_1y ~ treat + depindex_0 + age_baseline + age_baseline_sq + kids_no + famstruct_baseline + grandmother_baseline + edu_mo + edu_fa + employed_mo_baseline + incomeindex + mspss_tot, data = thp)\n"],"message":[""]}
,
{"type":["check_chunk"],"time":["2022-05-14 11:02:31"],"user":["Julia von Bredow"],"umph":[1652518951.2364],"ok":[true],"chunk":[10],"ex":[1],"e.ind":[0],"code":["stargazer( reg1, reg2, reg3 ,type = \"text\",  digits=2, omit.stat = c(\"f\",\"ser\"))"],"message":[""]}
,
{"type":["check_chunk"],"time":["2022-05-14 11:02:31"],"user":["Julia von Bredow"],"umph":[1652518951.3077],"ok":[false],"chunk":[11],"ex":[1],"e.ind":[1],"code":["\n# enter your code here ...\n"],"message":["\nYou have not yet entered all correct commands in chunk 1_i_2."]}
,
{"type":["check_ps"],"time":["2022-05-14 11:04:44"],"user":["Julia von Bredow"],"umph":[1652519084.3197],"ok":[true]}
,
{"type":["check_chunk"],"time":["2022-05-14 11:04:44"],"user":["Julia von Bredow"],"umph":[1652519084.5078],"ok":[false],"chunk":[11],"ex":[1],"e.ind":[1],"code":["c(1,3)\n"],"message":["\nYou have not yet entered all correct commands in chunk 1_i_2."]}
,
{"type":["check_ps"],"time":["2022-05-14 11:04:52"],"user":["Julia von Bredow"],"umph":[1652519092.2547],"ok":[true]}
,
{"type":["check_chunk"],"time":["2022-05-14 11:04:52"],"user":["Julia von Bredow"],"umph":[1652519092.7034],"ok":[false],"chunk":[11],"ex":[1],"e.ind":[1],"code":["c(1)\n"],"message":["\nYou have not yet entered all correct commands in chunk 1_i_2."]}
,
{"type":["check_ps"],"time":["2022-05-14 11:05:00"],"user":["Julia von Bredow"],"umph":[1652519100.3964],"ok":[true]}
,
{"type":["check_chunk"],"time":["2022-05-14 11:05:00"],"user":["Julia von Bredow"],"umph":[1652519100.5823],"ok":[false],"chunk":[11],"ex":[1],"e.ind":[1],"code":["c(1,2)\n"],"message":["\nYou have not yet entered all correct commands in chunk 1_i_2."]}
,
{"type":["check_ps"],"time":["2022-05-14 11:05:14"],"user":["Julia von Bredow"],"umph":[1652519114.5075],"ok":[true]}
,
{"type":["check_chunk"],"time":["2022-05-14 11:05:14"],"user":["Julia von Bredow"],"umph":[1652519114.6804],"ok":[false],"chunk":[11],"ex":[1],"e.ind":[1],"code":["c(2,3)\n"],"message":["\nYou have not yet entered all correct commands in chunk 1_i_2."]}
,
{"type":["check_ps"],"time":["2022-05-14 11:05:31"],"user":["Julia von Bredow"],"umph":[1652519131.606],"ok":[true]}
,
{"type":["check_chunk"],"time":["2022-05-14 11:05:31"],"user":["Julia von Bredow"],"umph":[1652519131.8027],"ok":[false],"chunk":[11],"ex":[1],"e.ind":[1],"code":["c(2)\n"],"message":["\nYou have not yet entered all correct commands in chunk 1_i_2."]}
,
{"type":["check_ps"],"time":["2022-05-14 11:05:39"],"user":["Julia von Bredow"],"umph":[1652519139.8063],"ok":[true]}
,
{"type":["check_chunk"],"time":["2022-05-14 11:05:40"],"user":["Julia von Bredow"],"umph":[1652519140.1638],"ok":[false],"chunk":[11],"ex":[1],"e.ind":[1],"code":["c(3)\n"],"message":["\nYou have not yet entered all correct commands in chunk 1_i_2."]}
,
{"type":["check_ps"],"time":["2022-05-14 11:05:59"],"user":["Julia von Bredow"],"umph":[1652519159.6184],"ok":[true]}
,
{"type":["check_chunk"],"time":["2022-05-14 11:05:59"],"user":["Julia von Bredow"],"umph":[1652519159.8134],"ok":[false],"chunk":[11],"ex":[1],"e.ind":[1],"code":["c(3,4)\n"],"message":["\nYou have not yet entered all correct commands in chunk 1_i_2."]}
,
{"type":["check_ps"],"time":["2022-05-14 11:06:10"],"user":["Julia von Bredow"],"umph":[1652519170.973],"ok":[true]}
,
{"type":["check_chunk"],"time":["2022-05-14 11:06:11"],"user":["Julia von Bredow"],"umph":[1652519171.1368],"ok":[false],"chunk":[11],"ex":[1],"e.ind":[1],"code":["c(1,4)\n"],"message":["\nYou have not yet entered all correct commands in chunk 1_i_2."]}
,
{"type":["check_ps"],"time":["2022-05-14 11:06:20"],"user":["Julia von Bredow"],"umph":[1652519180.6258],"ok":[true]}
,
{"type":["check_chunk"],"time":["2022-05-14 11:06:20"],"user":["Julia von Bredow"],"umph":[1652519180.7659],"ok":[true],"chunk":[11],"ex":[1],"e.ind":[0],"code":["c(2,4)\n"],"message":[""]}
,
{"type":["check_chunk"],"time":["2022-05-14 11:06:20"],"user":["Julia von Bredow"],"umph":[1652519180.9365],"ok":[false],"chunk":[12],"ex":[1],"e.ind":[1],"code":["\n# enter your code here ...\n"],"message":["\nYou have not yet entered all correct commands in chunk 1_j."]}
,
{"type":["check_ps"],"time":["2022-05-14 11:06:59"],"user":["Julia von Bredow"],"umph":[1652519219.5668],"ok":[true]}
,
{"type":["check_chunk"],"time":["2022-05-14 11:06:59"],"user":["Julia von Bredow"],"umph":[1652519219.9499],"ok":[false],"chunk":[12],"ex":[1],"e.ind":[1],"code":["1\n"],"message":["\nYou have not yet entered all correct commands in chunk 1_j."]}
,
{"type":["check_ps"],"time":["2022-05-14 11:07:29"],"user":["Julia von Bredow"],"umph":[1652519249.53],"ok":[true]}
,
{"type":["check_chunk"],"time":["2022-05-14 11:07:29"],"user":["Julia von Bredow"],"umph":[1652519249.692],"ok":[true],"chunk":[12],"ex":[1],"e.ind":[0],"code":["2\n"],"message":[""]}
,
{"type":["check_chunk"],"time":["2022-05-14 11:07:45"],"user":["Julia von Bredow"],"umph":[1652519265.5902],"ok":[true],"chunk":[13],"ex":[2],"e.ind":[0],"code":["library(AER)\ndata(Fertility)\nhead(Fertility)\nskim(Fertility)"],"message":[""]}
,
{"type":["check_chunk"],"time":["2022-05-14 11:07:45"],"user":["Julia von Bredow"],"umph":[1652519265.9728],"ok":[false],"chunk":[14],"ex":[2],"e.ind":[1],"code":["\n# enter your code here ...\n"],"message":["\nYou have not yet entered all correct commands in chunk 2_a_2."]}
,
{"type":["check_ps"],"time":["2022-05-14 11:12:23"],"user":["Julia von Bredow"],"umph":[1652519543.1976],"ok":[true]}
,
{"type":["check_chunk"],"time":["2022-05-14 11:12:23"],"user":["Julia von Bredow"],"umph":[1652519543.4695],"ok":[true],"chunk":[14],"ex":[2],"e.ind":[0],"code":["2\n"],"message":[""]}
,
{"type":["check_chunk"],"time":["2022-05-14 11:12:25"],"user":["Julia von Bredow"],"umph":[1652519545.1545],"ok":[false],"chunk":[15],"ex":[2],"e.ind":[1],"code":["Fertility <- Fertility %>%\n  mutate(work01 = case_when(work > 0 ~ 1,\n                            work == 0 ~ 0))\n\nreg1 <- lm(morekids ~ work, data = Fertility)\n\n\n# enter your code here ...\n"],"message":["\nYou have not made a correct assignment to reg1 in chunk 2_b."]}
,
{"type":["hint"],"time":["2022-05-14 11:13:10"],"user":["Julia von Bredow"],"umph":[1652519590.4825],"ok":[true],"chunk":[15],"ex":[2],"e.ind":[1]}
,
{"type":["check_ps"],"time":["2022-05-14 11:14:37"],"user":["Julia von Bredow"],"umph":[1652519677.1132],"ok":[true]}
,
{"type":["check_chunk"],"time":["2022-05-14 11:14:41"],"user":["Julia von Bredow"],"umph":[1652519681.9613],"ok":[true],"chunk":[15],"ex":[2],"e.ind":[0],"code":["Fertility <- Fertility %>%\n  mutate(work01 = case_when(work > 0 ~ 1,\n                            work == 0 ~ 0))\n\nreg1 <- lm(work01 ~ morekids, data = Fertility)\n\nsummary(reg1)"],"message":[""]}
,
{"type":["check_chunk"],"time":["2022-05-14 11:14:42"],"user":["Julia von Bredow"],"umph":[1652519682.285],"ok":[false],"chunk":[16],"ex":[2],"e.ind":[1],"code":["1\n"],"message":["\nYou have not yet entered all correct commands in chunk 2_c."]}
,
{"type":["check_ps"],"time":["2022-05-14 11:15:04"],"user":["Julia von Bredow"],"umph":[1652519704.7077],"ok":[true]}
,
{"type":["check_chunk"],"time":["2022-05-14 11:15:04"],"user":["Julia von Bredow"],"umph":[1652519704.896],"ok":[true],"chunk":[16],"ex":[2],"e.ind":[0],"code":["2\n"],"message":[""]}
,
{"type":["check_chunk"],"time":["2022-05-14 11:15:10"],"user":["Julia von Bredow"],"umph":[1652519710.5164],"ok":[true],"chunk":[17],"ex":[2],"e.ind":[0],"code":["grViz('digraph G {\n\nx [label=\"erklärende Variable x\"]\ny [label=\"abhängige Variable y\"]\nz [label=\"Instrument z\"]\n\nx -> y [label=\"+\"];\nz -> x [label=\"+\"];\nz -> y [label=\"+\"];\n}')"],"message":[""]}
,
{"type":["check_chunk"],"time":["2022-05-14 11:15:14"],"user":["Julia von Bredow"],"umph":[1652519714.6837],"ok":[true],"chunk":[18],"ex":[2],"e.ind":[0],"code":["grViz('digraph G {\n\nx [label=\"erklärende Variable x\"]\ny [label=\"abhängige Variable y\"]\nz [label=\"Instrument z\"]\n\nx -> y [label=\"-\"];\nz -> y [label=\"+\"];\n}')"],"message":[""]}
,
{"type":["check_chunk"],"time":["2022-05-14 11:15:17"],"user":["Julia von Bredow"],"umph":[1652519717.6881],"ok":[true],"chunk":[19],"ex":[2],"e.ind":[0],"code":["grViz('digraph G {\n\nx [label=\"erklärende Variable x\"]\ny [label=\"abhängige Variable y\"]\nz [label=\"Instrument z\"]\n\nx -> y [label=\"-\"];\nz -> x [label=\"+\"];\n}')"],"message":[""]}
,
{"type":["check_chunk"],"time":["2022-05-14 11:15:18"],"user":["Julia von Bredow"],"umph":[1652519718.1349],"ok":[false],"chunk":[20],"ex":[2],"e.ind":[1],"code":["\n# enter your code here ...\n"],"message":["\nYou have not yet entered all correct commands in chunk 2_d_4."]}
,
{"type":["check_ps"],"time":["2022-05-14 11:20:00"],"user":["Julia von Bredow"],"umph":[1652520000.0421],"ok":[true]}
,
{"type":["check_chunk"],"time":["2022-05-14 11:20:00"],"user":["Julia von Bredow"],"umph":[1652520000.3027],"ok":[true],"chunk":[20],"ex":[2],"e.ind":[0],"code":["3"],"message":[""]}
,
{"type":["check_chunk"],"time":["2022-05-14 11:20:07"],"user":["Julia von Bredow"],"umph":[1652520007.2452],"ok":[true],"chunk":[21],"ex":[2],"e.ind":[0],"code":["Fertility <- Fertility %>%\n  mutate(morekids = ifelse(morekids== \"yes\", 1, 0)) %>%\n  mutate(afam = ifelse(afam== \"yes\", 1, 0)) %>%\n  mutate(same_sex = ifelse(gender1== gender2, 1, 0))\n  \nreg1 <-  Fertility %>%\n  lm(morekids ~ gender2, data=.)\n\nreg2 <- Fertility %>%\n  lm(morekids ~ afam, data=.)\n\n reg3 <- Fertility %>%\n  lm(morekids ~ same_sex, data=.)\n\n stargazer(reg1, reg2, reg3, type = \"text\", digits=3)"],"message":[""]}
,
{"type":["check_chunk"],"time":["2022-05-14 11:20:07"],"user":["Julia von Bredow"],"umph":[1652520007.461],"ok":[true],"chunk":[22],"ex":[2],"e.ind":[0],"code":["3\n"],"message":[""]}
,
{"type":["check_chunk"],"time":["2022-05-14 11:20:10"],"user":["Julia von Bredow"],"umph":[1652520010.8874],"ok":[true],"chunk":[23],"ex":[2],"e.ind":[0],"code":["\nivreg(work01 ~ morekids | same_sex, data = Fertility) %>% \n  summary(diagnostics=TRUE)\n"],"message":[""]}
,
{"type":["check_chunk"],"time":["2022-05-14 11:20:12"],"user":["Julia von Bredow"],"umph":[1652520012.3652],"ok":[true],"chunk":[24],"ex":[2],"e.ind":[0],"code":["\nivreg(work01 ~ morekids | same_sex, data = Fertility) %>% \n  summary()\n"],"message":[""]}
,
{"type":["check_chunk"],"time":["2022-05-14 11:20:12"],"user":["Julia von Bredow"],"umph":[1652520012.5666],"ok":[false],"chunk":[25],"ex":[2],"e.ind":[1],"code":["\n# enter your code here ...\n"],"message":["\nYou have not yet entered all correct commands in chunk 2_f_2."]}
,
{"type":["check_ps"],"time":["2022-05-14 11:22:45"],"user":["Julia von Bredow"],"umph":[1652520165.573],"ok":[true]}
,
{"type":["check_chunk"],"time":["2022-05-14 11:22:45"],"user":["Julia von Bredow"],"umph":[1652520165.7501],"ok":[false],"chunk":[25],"ex":[2],"e.ind":[1],"code":["1\n"],"message":["\nYou have not yet entered all correct commands in chunk 2_f_2."]}
,
{"type":["check_ps"],"time":["2022-05-14 11:23:07"],"user":["Julia von Bredow"],"umph":[1652520187.671],"ok":[true]}
,
{"type":["check_chunk"],"time":["2022-05-14 11:23:07"],"user":["Julia von Bredow"],"umph":[1652520187.927],"ok":[true],"chunk":[25],"ex":[2],"e.ind":[0],"code":["2\n"],"message":[""]}
,
{"type":["check_chunk"],"time":["2022-05-14 11:23:08"],"user":["Julia von Bredow"],"umph":[1652520188.2055],"ok":[false],"chunk":[26],"ex":[2],"e.ind":[1],"code":["\n# enter your code here ...\n"],"message":["\nYou have not yet entered all correct commands in chunk 2_g."]}
,
{"type":["check_ps"],"time":["2022-05-14 11:24:21"],"user":["Julia von Bredow"],"umph":[1652520261.6992],"ok":[true]}
,
{"type":["check_chunk"],"time":["2022-05-14 11:24:22"],"user":["Julia von Bredow"],"umph":[1652520262.0236],"ok":[false],"chunk":[26],"ex":[2],"e.ind":[1],"code":["c(3)"],"message":["\nYou have not yet entered all correct commands in chunk 2_g."]}
,
{"type":["check_ps"],"time":["2022-05-14 11:24:54"],"user":["Julia von Bredow"],"umph":[1652520294.2085],"ok":[true]}
,
{"type":["check_chunk"],"time":["2022-05-14 11:24:54"],"user":["Julia von Bredow"],"umph":[1652520294.4322],"ok":[false],"chunk":[26],"ex":[2],"e.ind":[1],"code":["c(3,4,5)"],"message":["\nYou have not yet entered all correct commands in chunk 2_g."]}
,
{"type":["hint"],"time":["2022-05-14 11:25:00"],"user":["Julia von Bredow"],"umph":[1652520300.1512],"ok":[true],"chunk":[26],"ex":[2],"e.ind":[1]}
,
{"type":["check_ps"],"time":["2022-05-14 11:25:14"],"user":["Julia von Bredow"],"umph":[1652520314.3218],"ok":[true]}
,
{"type":["check_chunk"],"time":["2022-05-14 11:25:14"],"user":["Julia von Bredow"],"umph":[1652520314.6415],"ok":[false],"chunk":[26],"ex":[2],"e.ind":[1],"code":["c(1,2,3,4,5)"],"message":["\nYou have not yet entered all correct commands in chunk 2_g."]}
,
{"type":["check_ps"],"time":["2022-05-14 11:25:22"],"user":["Julia von Bredow"],"umph":[1652520322.075],"ok":[true]}
,
{"type":["check_chunk"],"time":["2022-05-14 11:25:22"],"user":["Julia von Bredow"],"umph":[1652520322.2728],"ok":[false],"chunk":[26],"ex":[2],"e.ind":[1],"code":["c(1,2,4,5)"],"message":["\nYou have not yet entered all correct commands in chunk 2_g."]}
,
{"type":["check_ps"],"time":["2022-05-14 11:25:36"],"user":["Julia von Bredow"],"umph":[1652520336.0446],"ok":[true]}
,
{"type":["check_chunk"],"time":["2022-05-14 11:25:36"],"user":["Julia von Bredow"],"umph":[1652520336.3432],"ok":[false],"chunk":[26],"ex":[2],"e.ind":[1],"code":["c(1)"],"message":["\nYou have not yet entered all correct commands in chunk 2_g."]}
,
{"type":["check_ps"],"time":["2022-05-14 11:25:47"],"user":["Julia von Bredow"],"umph":[1652520347.5229],"ok":[true]}
,
{"type":["check_chunk"],"time":["2022-05-14 11:25:47"],"user":["Julia von Bredow"],"umph":[1652520347.9478],"ok":[false],"chunk":[26],"ex":[2],"e.ind":[1],"code":["c(2)"],"message":["\nYou have not yet entered all correct commands in chunk 2_g."]}
,
{"type":["check_ps"],"time":["2022-05-14 11:25:56"],"user":["Julia von Bredow"],"umph":[1652520356.6503],"ok":[true]}
,
{"type":["check_chunk"],"time":["2022-05-14 11:25:56"],"user":["Julia von Bredow"],"umph":[1652520356.9524],"ok":[false],"chunk":[26],"ex":[2],"e.ind":[1],"code":["c(1,2)"],"message":["\nYou have not yet entered all correct commands in chunk 2_g."]}
,
{"type":["check_ps"],"time":["2022-05-14 11:26:06"],"user":["Julia von Bredow"],"umph":[1652520366.303],"ok":[true]}
,
{"type":["check_chunk"],"time":["2022-05-14 11:26:06"],"user":["Julia von Bredow"],"umph":[1652520366.5084],"ok":[false],"chunk":[26],"ex":[2],"e.ind":[1],"code":["c(4)"],"message":["\nYou have not yet entered all correct commands in chunk 2_g."]}
,
{"type":["check_ps"],"time":["2022-05-14 11:26:14"],"user":["Julia von Bredow"],"umph":[1652520374.3287],"ok":[true]}
,
{"type":["check_chunk"],"time":["2022-05-14 11:26:14"],"user":["Julia von Bredow"],"umph":[1652520374.7334],"ok":[false],"chunk":[26],"ex":[2],"e.ind":[1],"code":["c(5)"],"message":["\nYou have not yet entered all correct commands in chunk 2_g."]}
,
{"type":["check_ps"],"time":["2022-05-14 11:26:22"],"user":["Julia von Bredow"],"umph":[1652520382.6638],"ok":[true]}
,
{"type":["check_chunk"],"time":["2022-05-14 11:26:23"],"user":["Julia von Bredow"],"umph":[1652520383.025],"ok":[false],"chunk":[26],"ex":[2],"e.ind":[1],"code":["c(4,5)"],"message":["\nYou have not yet entered all correct commands in chunk 2_g."]}
,
{"type":["check_ps"],"time":["2022-05-14 11:26:34"],"user":["Julia von Bredow"],"umph":[1652520394.2549],"ok":[true]}
,
{"type":["check_chunk"],"time":["2022-05-14 11:26:34"],"user":["Julia von Bredow"],"umph":[1652520394.5151],"ok":[false],"chunk":[26],"ex":[2],"e.ind":[1],"code":["c(3,4,5)"],"message":["\nYou have not yet entered all correct commands in chunk 2_g."]}
,
{"type":["check_ps"],"time":["2022-05-14 11:26:43"],"user":["Julia von Bredow"],"umph":[1652520403.6874],"ok":[true]}
,
{"type":["check_chunk"],"time":["2022-05-14 11:26:44"],"user":["Julia von Bredow"],"umph":[1652520404.0083],"ok":[false],"chunk":[26],"ex":[2],"e.ind":[1],"code":["c(2,3,4,5)"],"message":["\nYou have not yet entered all correct commands in chunk 2_g."]}
,
{"type":["check_ps"],"time":["2022-05-14 11:26:57"],"user":["Julia von Bredow"],"umph":[1652520417.0726],"ok":[true]}
,
{"type":["check_chunk"],"time":["2022-05-14 11:26:57"],"user":["Julia von Bredow"],"umph":[1652520417.3412],"ok":[true],"chunk":[26],"ex":[2],"e.ind":[0],"code":["c(1,2,3)"],"message":[""]}
,
{"type":["grade_ps"],"time":["2022-05-14 11:27:14"],"user":["Julia von Bredow"],"umph":[1652520434.6824],"ok":[true]}
,
{"type":["init_ps"],"time":["2022-05-14 11:27:14"],"user":["Julia von Bredow"],"umph":[1652520434.9952],"ok":[true]}
,
{"type":["check_chunk"],"time":["2022-05-14 11:27:15"],"user":["Julia von Bredow"],"umph":[1652520435.3168],"ok":[true],"chunk":[1],"ex":[1],"e.ind":[0],"code":["2\n"],"message":[""]}
,
{"type":["check_chunk"],"time":["2022-05-14 11:27:15"],"user":["Julia von Bredow"],"umph":[1652520435.6597],"ok":[true],"chunk":[2],"ex":[1],"e.ind":[0],"code":["\"nein\"\n"],"message":[""]}
,
{"type":["check_chunk"],"time":["2022-05-14 11:27:41"],"user":["Julia von Bredow"],"umph":[1652520461.4573],"ok":[true],"chunk":[3],"ex":[1],"e.ind":[0],"code":["thp <- read_csv(\"./data/THP_clean.csv\") %>%\n  select(newid, uc, depressed_1y, treat, age_baseline, age_baseline_sq, kids_no, famstruct_baseline, grandmother_baseline, edu_mo, edu_fa, employed_mo_baseline, incomeindex, depindex_0, mspss_tot)\n\nskim(thp)\n"],"message":[""]}
,
{"type":["check_chunk"],"time":["2022-05-14 11:27:43"],"user":["Julia von Bredow"],"umph":[1652520463.1095],"ok":[true],"chunk":[4],"ex":[1],"e.ind":[0],"code":["thp_plots <- thp %>%\n  mutate(treat_factor = as.factor(ifelse(treat == 1 , \"Treatment\", \"Kontrolle\")),\n         depressed = as.factor(ifelse(depressed_1y == 0, \"keine Depressionen\", \"Depressionen\"))) %>%\n  filter( !is.na(depressed)) \n\nplot_prop_depression <- ggplot(thp_plots, aes(x = depressed, fill = treat_factor)) +\n  geom_bar(position = \"fill\") +\n  labs(x = NULL, y = \"Anteil an Depressionen\", fill = NULL) +\n  scale_fill_manual(values = c(\"darkblue\", \"darkred\"))\n\nplot_prop_depression\n\n# enter your code here ...\n"],"message":[""]}
,
{"type":["check_chunk"],"time":["2022-05-14 11:27:44"],"user":["Julia von Bredow"],"umph":[1652520464.9672],"ok":[true],"chunk":[5],"ex":[1],"e.ind":[0],"code":["\"ja\"\n"],"message":[""]}
,
{"type":["check_chunk"],"time":["2022-05-14 11:27:45"],"user":["Julia von Bredow"],"umph":[1652520465.1879],"ok":[true],"chunk":[6],"ex":[1],"e.ind":[0],"code":["\"unterschätzen\"\n"],"message":[""]}
,
{"type":["check_chunk"],"time":["2022-05-14 11:27:45"],"user":["Julia von Bredow"],"umph":[1652520465.9845],"ok":[true],"chunk":[7],"ex":[1],"e.ind":[0],"code":["thp %>% \n  pivot_longer(cols = -treat, names_to = \"variable\", values_to = \"value\") %>%\n  group_nest(variable) %>%\n  mutate(t.test = map(data, ~tidy(t.test(value ~ treat, data = .x)))) %>%\n  unnest(t.test) %>%\n  mutate( Mean_Treatment = round(estimate2, 2),\n          Mean_Kontrolle = round(estimate1, 2),\n    Differenz = round(estimate, 4),\n          Signifikanz = round(p.value,4)) %>%\n  select(variable, Mean_Treatment, Mean_Kontrolle, Differenz, Signifikanz)"],"message":[""]}
,
{"type":["check_chunk"],"time":["2022-05-14 11:27:46"],"user":["Julia von Bredow"],"umph":[1652520466.0795],"ok":[true],"chunk":[8],"ex":[1],"e.ind":[0],"code":["3\n"],"message":[""]}
,
{"type":["check_chunk"],"time":["2022-05-14 11:27:46"],"user":["Julia von Bredow"],"umph":[1652520466.7758],"ok":[true],"chunk":[9],"ex":[1],"e.ind":[0],"code":["reg1 <- lm(depressed_1y ~ treat, data=thp)\nreg2 <- lm(depressed_1y ~ treat + depindex_0, data=thp)\nreg3 <- lm(formula = depressed_1y ~ treat + depindex_0 + age_baseline + age_baseline_sq + kids_no + famstruct_baseline + grandmother_baseline + edu_mo + edu_fa + employed_mo_baseline + incomeindex + mspss_tot, data = thp)\n"],"message":[""]}
,
{"type":["check_chunk"],"time":["2022-05-14 11:27:56"],"user":["Julia von Bredow"],"umph":[1652520476.0625],"ok":[true],"chunk":[10],"ex":[1],"e.ind":[0],"code":["stargazer( reg1, reg2, reg3 ,type = \"text\",  digits=2, omit.stat = c(\"f\",\"ser\"))"],"message":[""]}
,
{"type":["check_chunk"],"time":["2022-05-14 11:27:56"],"user":["Julia von Bredow"],"umph":[1652520476.8538],"ok":[true],"chunk":[11],"ex":[1],"e.ind":[0],"code":["c(2,4)\n"],"message":[""]}
,
{"type":["check_chunk"],"time":["2022-05-14 11:27:57"],"user":["Julia von Bredow"],"umph":[1652520477.3219],"ok":[true],"chunk":[12],"ex":[1],"e.ind":[0],"code":["2\n"],"message":[""]}
,
{"type":["check_chunk"],"time":["2022-05-14 11:28:22"],"user":["Julia von Bredow"],"umph":[1652520502.59],"ok":[true],"chunk":[13],"ex":[2],"e.ind":[0],"code":["library(AER)\ndata(Fertility)\nhead(Fertility)\nskim(Fertility)"],"message":[""]}
,
{"type":["check_chunk"],"time":["2022-05-14 11:28:22"],"user":["Julia von Bredow"],"umph":[1652520502.6702],"ok":[true],"chunk":[14],"ex":[2],"e.ind":[0],"code":["2\n"],"message":[""]}
,
{"type":["check_chunk"],"time":["2022-05-14 11:28:26"],"user":["Julia von Bredow"],"umph":[1652520506.228],"ok":[true],"chunk":[15],"ex":[2],"e.ind":[0],"code":["Fertility <- Fertility %>%\n  mutate(work01 = case_when(work > 0 ~ 1,\n                            work == 0 ~ 0))\n\nreg1 <- lm(work01 ~ morekids, data = Fertility)\n\nsummary(reg1)"],"message":[""]}
,
{"type":["check_chunk"],"time":["2022-05-14 11:28:26"],"user":["Julia von Bredow"],"umph":[1652520506.3059],"ok":[true],"chunk":[16],"ex":[2],"e.ind":[0],"code":["2\n"],"message":[""]}
,
{"type":["check_chunk"],"time":["2022-05-14 11:28:26"],"user":["Julia von Bredow"],"umph":[1652520506.5992],"ok":[true],"chunk":[17],"ex":[2],"e.ind":[0],"code":["grViz('digraph G {\n\nx [label=\"erklärende Variable x\"]\ny [label=\"abhängige Variable y\"]\nz [label=\"Instrument z\"]\n\nx -> y [label=\"+\"];\nz -> x [label=\"+\"];\nz -> y [label=\"+\"];\n}')"],"message":[""]}
,
{"type":["check_chunk"],"time":["2022-05-14 11:28:27"],"user":["Julia von Bredow"],"umph":[1652520507.4804],"ok":[true],"chunk":[18],"ex":[2],"e.ind":[0],"code":["grViz('digraph G {\n\nx [label=\"erklärende Variable x\"]\ny [label=\"abhängige Variable y\"]\nz [label=\"Instrument z\"]\n\nx -> y [label=\"-\"];\nz -> y [label=\"+\"];\n}')"],"message":[""]}
,
{"type":["check_chunk"],"time":["2022-05-14 11:28:28"],"user":["Julia von Bredow"],"umph":[1652520508.5982],"ok":[true],"chunk":[19],"ex":[2],"e.ind":[0],"code":["grViz('digraph G {\n\nx [label=\"erklärende Variable x\"]\ny [label=\"abhängige Variable y\"]\nz [label=\"Instrument z\"]\n\nx -> y [label=\"-\"];\nz -> x [label=\"+\"];\n}')"],"message":[""]}
,
{"type":["check_chunk"],"time":["2022-05-14 11:28:29"],"user":["Julia von Bredow"],"umph":[1652520509.3941],"ok":[true],"chunk":[20],"ex":[2],"e.ind":[0],"code":["3"],"message":[""]}
,
{"type":["check_chunk"],"time":["2022-05-14 11:28:37"],"user":["Julia von Bredow"],"umph":[1652520517.5175],"ok":[true],"chunk":[21],"ex":[2],"e.ind":[0],"code":["Fertility <- Fertility %>%\n  mutate(morekids = ifelse(morekids== \"yes\", 1, 0)) %>%\n  mutate(afam = ifelse(afam== \"yes\", 1, 0)) %>%\n  mutate(same_sex = ifelse(gender1== gender2, 1, 0))\n  \nreg1 <-  Fertility %>%\n  lm(morekids ~ gender2, data=.)\n\nreg2 <- Fertility %>%\n  lm(morekids ~ afam, data=.)\n\n reg3 <- Fertility %>%\n  lm(morekids ~ same_sex, data=.)\n\n stargazer(reg1, reg2, reg3, type = \"text\", digits=3)"],"message":[""]}
,
{"type":["check_chunk"],"time":["2022-05-14 11:28:37"],"user":["Julia von Bredow"],"umph":[1652520517.5917],"ok":[true],"chunk":[22],"ex":[2],"e.ind":[0],"code":["3\n"],"message":[""]}
,
{"type":["check_chunk"],"time":["2022-05-14 11:28:41"],"user":["Julia von Bredow"],"umph":[1652520521.1221],"ok":[true],"chunk":[23],"ex":[2],"e.ind":[0],"code":["\nivreg(work01 ~ morekids | same_sex, data = Fertility) %>% \n  summary(diagnostics=TRUE)\n"],"message":[""]}
,
{"type":["check_chunk"],"time":["2022-05-14 11:28:42"],"user":["Julia von Bredow"],"umph":[1652520522.2068],"ok":[true],"chunk":[24],"ex":[2],"e.ind":[0],"code":["\nivreg(work01 ~ morekids | same_sex, data = Fertility) %>% \n  summary()\n"],"message":[""]}
,
{"type":["check_chunk"],"time":["2022-05-14 11:28:42"],"user":["Julia von Bredow"],"umph":[1652520522.2866],"ok":[true],"chunk":[25],"ex":[2],"e.ind":[0],"code":["2\n"],"message":[""]}
,
{"type":["check_chunk"],"time":["2022-05-14 11:28:42"],"user":["Julia von Bredow"],"umph":[1652520522.3589],"ok":[true],"chunk":[26],"ex":[2],"e.ind":[0],"code":["c(1,2,3)"],"message":[""]}
,
